<?xml version="1.0" encoding="UTF-8"?>
<!-- Generated by org.testng.reporters.JUnitReportReporter -->
<testsuite hostname="Reka" failures="0" tests="1" name="testCases.TestCase" time="2.262" errors="0" timestamp="2024-06-27T17:02:37 CDT" skipped="0">
  <testcase classname="testCases.TestCase" name="loginTestCase" time="2.262"/>
  <system-out/>
</testsuite> <!-- testCases.TestCase -->
